<?xml version="1.0" encoding="UTF-8"?>
<!-- Generated by org.testng.reporters.JUnitReportReporter -->
<testsuite hostname="RJRyzen" failures="0" tests="5" name="MetagroupTests" time="0.011" errors="0" timestamp="2021-06-29T15:44:40 CDT" skipped="0">
  <testcase classname="MetagroupTests" name="positiveTest" time="0.000"/>
  <system-out/>
  <testcase classname="MetagroupTests" name="negativeTest2" time="0.001"/>
  <system-out/>
  <testcase classname="MetagroupTests" name="positiveTest2" time="0.001"/>
  <system-out/>
  <testcase classname="MetagroupTests" name="negativeTest" time="0.009"/>
  <system-out/>
  <testcase classname="MetagroupTests" name="test" time="0.000"/>
  <system-out/>
</testsuite> <!-- MetagroupTests -->
